==============================================================================
Tests :: Testing functionality through Robot Framework                        
==============================================================================
Tests.Test Single owner approval                                              
==============================================================================
create_Access_Request                                                 | FAIL |
Parent suite setup failed:
InvalidSessionIdException: Message: invalid session id: session deleted as the browser has closed the connection
from disconnected: not connected to DevTools
  (Session info: chrome=136.0.7103.114)
Stacktrace:
	GetHandleVerifier [0x00007FF7158F1F55+78133]
	GetHandleVerifier [0x00007FF7158F1FB0+78224]
	(No symbol) [0x00007FF7156B91BA]
	(No symbol) [0x00007FF7156A4F25]
	(No symbol) [0x00007FF7156C9EE4]
	(No symbol) [0x00007FF71573EC8F]
	(No symbol) [0x00007FF71575EB12]
	(No symbol) [0x00007FF715736F33]
	(No symbol) [0x00007FF715700358]
	(No symbol) [0x00007FF7157010C3]
	GetHandleVerifier [0x00007FF715BBBA8D+3001453]
	GetHandleVerifier [0x00007FF715BB5E72+2977874]
	GetHandleVerifier [0x00007FF715BD497D+3103581]
	GetHandleVerifier [0x00007FF71590C7EA+186826]
	GetHandleVerifier [0x00007FF7159143FF+218591]
	GetHandleVerifier [0x00007FF7158F9D94+110452]
	GetHandleVerifier [0x00007FF7158F9F42+110882]
	GetHandleVerifier [0x00007FF7158E0379+5465]
	BaseThreadInitThunk [0x00007FFEAEF54DE0+16]
	RtlUserThreadStart [0x00007FFEAF6DEDAB+43]
------------------------------------------------------------------------------
Tests.Test Single owner approval                                      | FAIL |
Suite setup failed:
InvalidSessionIdException: Message: invalid session id: session deleted as the browser has closed the connection
from disconnected: not connected to DevTools
  (Session info: chrome=136.0.7103.114)
Stacktrace:
	GetHandleVerifier [0x00007FF7158F1F55+78133]
	GetHandleVerifier [0x00007FF7158F1FB0+78224]
	(No symbol) [0x00007FF7156B91BA]
	(No symbol) [0x00007FF7156A4F25]
	(No symbol) [0x00007FF7156C9EE4]
	(No symbol) [0x00007FF71573EC8F]
	(No symbol) [0x00007FF71575EB12]
	(No symbol) [0x00007FF715736F33]
	(No symbol) [0x00007FF715700358]
	(No symbol) [0x00007FF7157010C3]
	GetHandleVerifier [0x00007FF715BBBA8D+3001453]
	GetHandleVerifier [0x00007FF715BB5E72+2977874]
	GetHandleVerifier [0x00007FF715BD497D+3103581]
	GetHandleVerifier [0x00007FF71590C7EA+186826]
	GetHandleVerifier [0x00007FF7159143FF+218591]
	GetHandleVerifier [0x00007FF7158F9D94+110452]
	GetHandleVerifier [0x00007FF7158F9F42+110882]
	GetHandleVerifier [0x00007FF7158E0379+5465]
	BaseThreadInitThunk [0x00007FFEAEF54DE0+16]
	RtlUserThreadStart [0x00007FFEAF6DEDAB+43]


1 test, 0 passed, 1 failed
==============================================================================
Tests :: Testing functionality through Robot Framework                | FAIL |
1 test, 0 passed, 1 failed
==============================================================================
Output:  C:\Anugal_Testing\Anugal\Output\pabot_results\0\Output.xml
