==============================================================================
Tests :: Testing functionality through Robot Framework                        
==============================================================================
Tests.Test User Administration                                                
==============================================================================
Start TestCase                                                        | PASS |
------------------------------------------------------------------------------
Submit Anugal username and password                                   | PASS |
------------------------------------------------------------------------------
Create User_id                                                        | FAIL |
Element with locator 'xpath://div[text()='User Administration']' not found.
------------------------------------------------------------------------------
Finish TestCase                                                       | PASS |
------------------------------------------------------------------------------
Tests.Test User Administration                                        | FAIL |
4 tests, 3 passed, 1 failed
==============================================================================
Tests.TestUserAdministration                                                  
==============================================================================
Start TestCase                                                        | PASS |
------------------------------------------------------------------------------
Submit Anugal username and password                                   | PASS |
------------------------------------------------------------------------------
Create User_id                                                        | FAIL |
Element with locator 'xpath://div[text()='User Administration']' not found.
------------------------------------------------------------------------------
Finish TestCase                                                       | PASS |
------------------------------------------------------------------------------
Tests.TestUserAdministration                                          | FAIL |
4 tests, 3 passed, 1 failed
==============================================================================
Tests :: Testing functionality through Robot Framework                | FAIL |
8 tests, 6 passed, 2 failed
==============================================================================
Output:  C:\Anugal_Testing\Anugal\Output\d3b550b3-ac8c-4aa6-9b24-567900f777a2\pabot_results\1\Output.xml
