==============================================================================
Tests :: Testing functionality through Robot Framework                        
==============================================================================
Tests.Test Role configuration                                                 
==============================================================================
Start TestCase                                                        | PASS |
------------------------------------------------------------------------------
Submit Anugal username and password                                   | PASS |
------------------------------------------------------------------------------
Role_configuartion                                                    | PASS |
------------------------------------------------------------------------------
Finish TestCase                                                       | PASS |
------------------------------------------------------------------------------
Tests.Test Role configuration                                         | PASS |
4 tests, 4 passed, 0 failed
==============================================================================
Tests :: Testing functionality through Robot Framework                | PASS |
4 tests, 4 passed, 0 failed
==============================================================================
Output:  C:\Anugal_Testing\Anugal\Output\e7a8e3cf-714d-4fb2-b3b6-98bc29f4e970\pabot_results\0\Output.xml
