[ WARN ] Keyword 'Capture Page Screenshot' could not be run on failure: NoSuchWindowException: Message: no such window: target window already closed
from unknown error: web view not found
  (Session info: chrome=126.0.6478.126)
Stacktrace:
	GetHandleVerifier [0x00007FF69F153E42+31618]
	(No symbol) [0x00007FF69F0CB0A9]
	(No symbol) [0x00007FF69EF8888A]
	(No symbol) [0x00007FF69EF5DAE5]
	(No symbol) [0x00007FF69F0045A7]
	(No symbol) [0x00007FF69F01C131]
	(No symbol) [0x00007FF69EFFCEB3]
	(No symbol) [0x00007FF69EFCA46B]
	(No symbol) [0x00007FF69EFCB001]
	GetHandleVerifier [0x00007FF69F45A01D+3202397]
	GetHandleVerifier [0x00007FF69F4A6A3D+3516285]
	GetHandleVerifier [0x00007FF69F49C4B0+3473904]
	GetHandleVerifier [0x00007FF69F205D46+760454]
	(No symbol) [0x00007FF69F0D6B4F]
	(No symbol) [0x00007FF69F0D1CE4]
	(No symbol) [0x00007FF69F0D1E72]
	(No symbol) [0x00007FF69F0C121F]
	BaseThreadInitThunk [0x00007FFE0B477AC4+20]
	RtlUserThreadStart [0x00007FFE0E28A4E1+33]

[ WARN ] Keyword 'Capture Page Screenshot' could not be run on failure: NoSuchWindowException: Message: no such window: target window already closed
from unknown error: web view not found
  (Session info: chrome=126.0.6478.126)
Stacktrace:
	GetHandleVerifier [0x00007FF69F153E42+31618]
	(No symbol) [0x00007FF69F0CB0A9]
	(No symbol) [0x00007FF69EF8888A]
	(No symbol) [0x00007FF69EF5DAE5]
	(No symbol) [0x00007FF69F0045A7]
	(No symbol) [0x00007FF69F01C131]
	(No symbol) [0x00007FF69EFFCEB3]
	(No symbol) [0x00007FF69EFCA46B]
	(No symbol) [0x00007FF69EFCB001]
	GetHandleVerifier [0x00007FF69F45A01D+3202397]
	GetHandleVerifier [0x00007FF69F4A6A3D+3516285]
	GetHandleVerifier [0x00007FF69F49C4B0+3473904]
	GetHandleVerifier [0x00007FF69F205D46+760454]
	(No symbol) [0x00007FF69F0D6B4F]
	(No symbol) [0x00007FF69F0D1CE4]
	(No symbol) [0x00007FF69F0D1E72]
	(No symbol) [0x00007FF69F0C121F]
	BaseThreadInitThunk [0x00007FFE0B477AC4+20]
	RtlUserThreadStart [0x00007FFE0E28A4E1+33]

