==============================================================================
Tests :: Testing functionality through Robot Framework                        
==============================================================================
Tests.Test User Administration                                                
==============================================================================
Start TestCase                                                        | PASS |
------------------------------------------------------------------------------
Submit Anugal username and password                                   | PASS |
------------------------------------------------------------------------------
Create User_id                                                        | FAIL |
Element with locator 'xpath://div[text()='User Administration']' not found.
------------------------------------------------------------------------------
Finish TestCase                                                       | PASS |
------------------------------------------------------------------------------
Tests.Test User Administration                                        | FAIL |
4 tests, 3 passed, 1 failed
==============================================================================
Tests.TestUserAdministration                                                  
==============================================================================
Start TestCase                                                        | PASS |
------------------------------------------------------------------------------
Submit Anugal username and password                                   | PASS |
------------------------------------------------------------------------------
Create User_id                                                        | FAIL |
Element with locator 'xpath://div[text()='User Administration']' not found.
------------------------------------------------------------------------------
Finish TestCase                                                       | PASS |
------------------------------------------------------------------------------
Tests.TestUserAdministration                                          | FAIL |
4 tests, 3 passed, 1 failed
==============================================================================
Tests :: Testing functionality through Robot Framework                | FAIL |
8 tests, 6 passed, 2 failed
==============================================================================
Output:  C:\Anugal_Testing\Anugal\Output\91b2f9e6-6393-4343-9cce-228086ae8546\pabot_results\1\Output.xml
